<?xml version="1.0" encoding="UTF-8"?>
<!-- Generated by org.testng.reporters.JUnitXMLReporter -->
<testsuite ignored="4" hostname="LAPTOP-HKP3MAF8" failures="5" tests="7" name="Test" time="16.39" errors="0" timestamp="2021-05-10T17:06:43 IST">
  <testcase classname="com.hackathon.selenium.tests.RegisterAccountTest" name="testCase1" time="4.445"/>
  <testcase classname="com.hackathon.selenium.tests.RegisterAccountTest" name="testCase2" time="4.131"/>
  <testcase classname="com.hackathon.selenium.tests.LoginTest" name="testCase10" time="0.919">
    <failure type="java.lang.NullPointerException" message="Cannot invoke &amp;quot;org.openqa.selenium.WebDriver.manage()&amp;quot; because &amp;quot;this.driver&amp;quot; is null">
      <![CDATA[java.lang.NullPointerException: Cannot invoke "org.openqa.selenium.WebDriver.manage()" because "this.driver" is null
at com.hackathon.selenium.tests.LoginTest.testCase10(LoginTest.java:108)
at java.base/java.util.ArrayList.forEach(ArrayList.java:1511)
... Removed 27 stack frames]]>
    </failure>
  </testcase> <!-- testCase10 -->
  <testcase classname="com.hackathon.selenium.tests.LoginTest" name="testCase3" time="0.085">
    <failure type="java.lang.NullPointerException" message="Cannot invoke &amp;quot;org.openqa.selenium.WebDriver.manage()&amp;quot; because &amp;quot;this.driver&amp;quot; is null">
      <![CDATA[java.lang.NullPointerException: Cannot invoke "org.openqa.selenium.WebDriver.manage()" because "this.driver" is null
at com.hackathon.selenium.tests.LoginTest.testCase3(LoginTest.java:23)
at java.base/java.util.ArrayList.forEach(ArrayList.java:1511)
... Removed 27 stack frames]]>
    </failure>
  </testcase> <!-- testCase3 -->
  <testcase classname="com.hackathon.selenium.tests.LoginTest" name="testCase4" time="0.048">
    <failure type="java.lang.NullPointerException" message="Cannot invoke &amp;quot;org.openqa.selenium.WebDriver.manage()&amp;quot; because &amp;quot;this.driver&amp;quot; is null">
      <![CDATA[java.lang.NullPointerException: Cannot invoke "org.openqa.selenium.WebDriver.manage()" because "this.driver" is null
at com.hackathon.selenium.tests.LoginTest.testCase4(LoginTest.java:45)
at java.base/java.util.ArrayList.forEach(ArrayList.java:1511)
... Removed 27 stack frames]]>
    </failure>
  </testcase> <!-- testCase4 -->
  <testcase classname="com.hackathon.selenium.tests.LoginTest" name="testCase8" time="0.061">
    <failure type="java.lang.NullPointerException" message="Cannot invoke &amp;quot;org.openqa.selenium.WebDriver.manage()&amp;quot; because &amp;quot;this.driver&amp;quot; is null">
      <![CDATA[java.lang.NullPointerException: Cannot invoke "org.openqa.selenium.WebDriver.manage()" because "this.driver" is null
at com.hackathon.selenium.tests.LoginTest.testCase8(LoginTest.java:81)
at java.base/java.util.ArrayList.forEach(ArrayList.java:1511)
... Removed 27 stack frames]]>
    </failure>
  </testcase> <!-- testCase8 -->
  <testcase classname="com.hackathon.selenium.tests.MonitorPageTest" name="testCase9" time="0.003">
    <failure type="java.lang.NullPointerException" message="Cannot invoke &amp;quot;org.openqa.selenium.WebDriver.manage()&amp;quot; because &amp;quot;this.driver&amp;quot; is null">
      <![CDATA[java.lang.NullPointerException: Cannot invoke "org.openqa.selenium.WebDriver.manage()" because "this.driver" is null
at com.hackathon.selenium.tests.MonitorPageTest.testCase9(MonitorPageTest.java:13)
at java.base/java.util.ArrayList.forEach(ArrayList.java:1511)
... Removed 27 stack frames]]>
    </failure>
  </testcase> <!-- testCase9 -->
  <testcase classname="com.hackathon.selenium.base.BasePage" name="@BeforeTest openDriver" time="0.0">
    <ignored/>
  </testcase> <!-- @BeforeTest openDriver -->
  <testcase classname="com.hackathon.selenium.base.BasePage" name="@BeforeTest openDriver" time="0.0">
    <ignored/>
  </testcase> <!-- @BeforeTest openDriver -->
  <testcase classname="com.hackathon.selenium.base.BasePage" name="@AfterTest closeDriver" time="0.0">
    <ignored/>
  </testcase> <!-- @AfterTest closeDriver -->
  <testcase classname="com.hackathon.selenium.base.BasePage" name="@AfterTest closeDriver" time="0.0">
    <ignored/>
  </testcase> <!-- @AfterTest closeDriver -->
</testsuite> <!-- Test -->
